<?xml version="1.0" encoding="UTF-8"?>
<!-- Generated by org.testng.reporters.JUnitReportReporter -->
<testsuite hostname="ECN77" failures="0" tests="1" name="page.test.temporal" time="6.373" errors="0" timestamp="10 ene. 2020 14:46:29 GMT" skipped="0">
  <testcase classname="page.test.temporal" name="temporal1" time="6.373"/>
</testsuite> <!-- page.test.temporal -->
