<?xml version="1.0" encoding="UTF-8"?>
<!-- Generated by org.testng.reporters.JUnitReportReporter -->
<testsuite hostname="ECN77" failures="0" tests="3" name="page.test.test_temporal" time="16.879" errors="0" timestamp="13 ene. 2020 19:27:26 GMT" skipped="2">
  <testcase classname="page.test.test_temporal" name="autoliquidacion_IYC" time="16.879"/>
  <testcase classname="page.test.test_temporal" name="autoliquidacion_INM">
    <skipped/>
  </testcase> <!-- autoliquidacion_INM -->
  <testcase classname="page.test.test_temporal" name="temporal1">
    <skipped/>
  </testcase> <!-- temporal1 -->
</testsuite> <!-- page.test.test_temporal -->
